Watching for file changes with StatReloader
[11/Apr/2026 23:16:38] "GET / HTTP/1.1" 200 26910
[11/Apr/2026 23:16:38] "GET /media/products/2026/04/10/mohinga.jpg HTTP/1.1" 304 0
[11/Apr/2026 23:16:38] "GET /media/products/2026/04/10/Jati_churi_dry.jpg HTTP/1.1" 304 0
Not Found: /favicon.ico
[11/Apr/2026 23:16:38] "GET /favicon.ico HTTP/1.1" 404 6326
[11/Apr/2026 23:16:43] "GET /logout/ HTTP/1.1" 302 0
[11/Apr/2026 23:16:43] "GET /login/ HTTP/1.1" 200 12521
[11/Apr/2026 23:16:54] "POST /login/ HTTP/1.1" 302 0
[11/Apr/2026 23:16:55] "GET /profile/ HTTP/1.1" 200 86629
[11/Apr/2026 23:17:02] "GET /profile/?tab=orders HTTP/1.1" 200 94005
[11/Apr/2026 23:17:32] "GET /logout/ HTTP/1.1" 302 0
[11/Apr/2026 23:17:32] "GET /login/ HTTP/1.1" 200 12521
[11/Apr/2026 23:17:36] "GET /accounts/google/login/ HTTP/1.1" 302 0
[11/Apr/2026 23:17:42] "GET /login/ HTTP/1.1" 200 12521
[11/Apr/2026 23:19:33] "GET /accounts/google/login/ HTTP/1.1" 302 0
[11/Apr/2026 23:19:34,139] - Broken pipe from ('127.0.0.1', 51475)
[11/Apr/2026 23:19:53] "GET /accounts/google/login/?process=login HTTP/1.1" 302 0
[11/Apr/2026 23:19:53] "GET /accounts/google/login/ HTTP/1.1" 302 0
[11/Apr/2026 23:19:53,570] - Broken pipe from ('127.0.0.1', 51483)
[11/Apr/2026 23:19:53,594] - Broken pipe from ('127.0.0.1', 51484)
C:\Users\HP\Desktop\E-commerce Project\E-commerce web\SeaSide_E_tour_Market\SeaSide_E_tour_Market\settings.py changed, reloading.
Watching for file changes with StatReloader
C:\Users\HP\Desktop\E-commerce Project\E-commerce web\SeaSide_E_tour_Market\SeaSide_E_tour_Market\settings.py changed, reloading.
Watching for file changes with StatReloader
[11/Apr/2026 23:22:13] "GET /accounts/google/login/ HTTP/1.1" 302 0
